<?xml version="1.0" encoding="utf-8" standalone="no"?>
<!--This file represents the results of running a test suite-->
<test-results name="C:\Users\Alan\Documents\Visual Studio 2008\Projects\MarineRadio\MarineRadioRTP\bin\Debug\MarineRadioRTP.exe" total="16" failures="0" not-run="0" date="2009-04-21" time="13:17:02">
  <environment nunit-version="2.4.8.0" clr-version="2.0.50727.3074" os-version="Microsoft Windows NT 6.0.6001 Service Pack 1" platform="Win32NT" cwd="C:\Program Files\NUnit 2.4.8\bin" machine-name="AJF-LAPTOP" user="Alan" user-domain="AJF-Laptop" />
  <culture-info current-culture="en-GB" current-uiculture="en-US" />
  <test-suite name="C:\Users\Alan\Documents\Visual Studio 2008\Projects\MarineRadio\MarineRadioRTP\bin\Debug\MarineRadioRTP.exe" success="True" time="5.990" asserts="0">
    <results>
      <test-suite name="MarineRadioRTP" success="True" time="5.959" asserts="0">
        <results>
          <test-suite name="NUnitFixtures" success="True" time="5.959" asserts="0">
            <results>
              <test-suite name="ConfigurationSingletonTests" success="True" time="0.437" asserts="0">
                <results>
                  <test-case name="MarineRadioRTP.NUnitFixtures.ConfigurationSingletonTests.InvalidIp" executed="True" success="True" time="0.312" asserts="0" />
                  <test-case name="MarineRadioRTP.NUnitFixtures.ConfigurationSingletonTests.Ipv6Ip" executed="True" success="True" time="0.000" asserts="0" />
                  <test-case name="MarineRadioRTP.NUnitFixtures.ConfigurationSingletonTests.MmsiTooLong" executed="True" success="True" time="0.016" asserts="0" />
                  <test-case name="MarineRadioRTP.NUnitFixtures.ConfigurationSingletonTests.MmsiTooShort" executed="True" success="True" time="0.000" asserts="0" />
                  <test-case name="MarineRadioRTP.NUnitFixtures.ConfigurationSingletonTests.SaveCompressionChoice" executed="True" success="True" time="0.047" asserts="1" />
                  <test-case name="MarineRadioRTP.NUnitFixtures.ConfigurationSingletonTests.SaveMulticastPrefix" executed="True" success="True" time="0.016" asserts="1" />
                </results>
              </test-suite>
              <test-suite name="DscTests" success="True" time="5.507" asserts="0">
                <results>
                  <test-case name="MarineRadioRTP.NUnitFixtures.DscTests.AllShips" executed="True" success="True" time="0.780" asserts="2" />
                  <test-case name="MarineRadioRTP.NUnitFixtures.DscTests.Distress" executed="True" success="True" time="0.515" asserts="2" />
                  <test-case name="MarineRadioRTP.NUnitFixtures.DscTests.IndvCall" executed="True" success="True" time="0.515" asserts="1" />
                  <test-case name="MarineRadioRTP.NUnitFixtures.DscTests.PollReply" executed="True" success="True" time="0.515" asserts="1" />
                  <test-case name="MarineRadioRTP.NUnitFixtures.DscTests.PollRequest" executed="True" success="True" time="0.515" asserts="1" />
                  <test-case name="MarineRadioRTP.NUnitFixtures.DscTests.PosReply" executed="True" success="True" time="0.515" asserts="1" />
                  <test-case name="MarineRadioRTP.NUnitFixtures.DscTests.PosRequest" executed="True" success="True" time="0.515" asserts="1" />
                  <test-case name="MarineRadioRTP.NUnitFixtures.DscTests.ScanRequest" executed="True" success="True" time="0.515" asserts="2" />
                  <test-case name="MarineRadioRTP.NUnitFixtures.DscTests.TestCall" executed="True" success="True" time="0.515" asserts="1" />
                  <test-case name="MarineRadioRTP.NUnitFixtures.DscTests.VhfAnnounce" executed="True" success="True" time="0.515" asserts="2" />
                </results>
              </test-suite>
            </results>
          </test-suite>
        </results>
      </test-suite>
    </results>
  </test-suite>
</test-results>